<!DOCTYPE html PUBLIC "-//W3C//DTD XHTML 1.1//EN" "https://www.w3.org/TR/xhtml11/DTD/xhtml11.dtd">
<html xmlns="https://www.w3.org/1999/xhtml">
<head>
<meta http-equiv="content-type" content="text/html; charset=UTF-8"/>
<title>TestNG Report</title>
<style type="text/css">table {margin-bottom:10px;border-collapse:collapse;empty-cells:show}th,td {border:1px solid #009;padding:.25em .5em}th {vertical-align:bottom}td {vertical-align:top}table a {font-weight:bold}.stripe td {background-color: #E6EBF9}.num {text-align:right}.passedodd td {background-color: #3F3}.passedeven td {background-color: #0A0}.skippedodd td {background-color: #DDD}.skippedeven td {background-color: #CCC}.failedodd td,.attn {background-color: #F33}.failedeven td,.stripe .attn {background-color: #D00}.stacktrace {white-space:pre;font-family:monospace}.totop {font-size:85%;text-align:center;border-bottom:2px solid #000}.invisible {display:none}</style>
</head>
<body>
<table>
<tr><th>Test</th><th># Passed</th><th># Skipped</th><th># Retried</th><th># Failed</th><th>Time (ms)</th><th>Included Groups</th><th>Excluded Groups</th></tr>
<tr><th colspan="8">Suite</th></tr>
<tr><td><a href="#t0">Test</a></td><td class="num">21</td><td class="num">0</td><td class="num">0</td><td class="num attn">4</td><td class="num">238,314</td><td></td><td></td></tr>
</table>
<table id='summary'><thead><tr><th>Class</th><th>Method</th><th>Start</th><th>Time (ms)</th></tr></thead><tbody><tr><th colspan="4">Suite</th></tr></tbody><tbody id="t0"><tr><th colspan="4">Test &#8212; failed</th></tr><tr class="failedeven"><td rowspan="1">TextNG.DropDownSelectable</td><td><a href="#m0">dropdown</a></td><td rowspan="1">1676994776373</td><td rowspan="1">3462</td></tr><tr class="failedodd"><td rowspan="1">TextNG.SideBarCloseButton</td><td><a href="#m1">closeSideBar</a></td><td rowspan="1">1676994816075</td><td rowspan="1">458</td></tr><tr class="failedeven"><td rowspan="1">TextNG.VeriflyLinkedINlink</td><td><a href="#m2">verifyFBLink</a></td><td rowspan="1">1676994798881</td><td rowspan="1">1673</td></tr><tr class="failedodd"><td rowspan="1">TextNG.VerifyTheExactCount</td><td><a href="#m3">verifyCount</a></td><td rowspan="1">1676994867221</td><td rowspan="1">30385</td></tr><tr><th colspan="4">Test &#8212; passed</th></tr><tr class="passedeven"><td rowspan="1">TextNG.About</td><td><a href="#m4">About</a></td><td rowspan="1">1676994919075</td><td rowspan="1">7609</td></tr><tr class="passedodd"><td rowspan="1">TextNG.BrokenLinks</td><td><a href="#m5">brokenLinks</a></td><td rowspan="1">1676994843988</td><td rowspan="1">1807</td></tr><tr class="passedeven"><td rowspan="1">TextNG.ContinueShopping</td><td><a href="#m6">ContinueShopping</a></td><td rowspan="1">1676994934221</td><td rowspan="1">210</td></tr><tr class="passedodd"><td rowspan="3">TextNG.EachFormDetailsRequired</td><td><a href="#m7">RequiredFirstName</a></td><td rowspan="1">1676994902928</td><td rowspan="1">751</td></tr><tr class="passedodd"><td><a href="#m8">RequiredLastName</a></td><td rowspan="1">1676994910170</td><td rowspan="1">751</td></tr><tr class="passedodd"><td><a href="#m9">RequiredPostal</a></td><td rowspan="1">1676994914469</td><td rowspan="1">663</td></tr><tr class="passedeven"><td rowspan="1">TextNG.ErrorButtonClose</td><td><a href="#m10">ErrorButtonClose</a></td><td rowspan="1">1676994941126</td><td rowspan="1">460</td></tr><tr class="passedodd"><td rowspan="1">TextNG.ErrorMessageDispalyed</td><td><a href="#m11">ErrorMessageDisplayed</a></td><td rowspan="1">1676994808385</td><td rowspan="1">445</td></tr><tr class="passedeven"><td rowspan="1">TextNG.Login</td><td><a href="#m12">Login</a></td><td rowspan="1">1676994947168</td><td rowspan="1">433</td></tr><tr class="passedodd"><td rowspan="1">TextNG.Logout</td><td><a href="#m13">Logout</a></td><td rowspan="1">1676994952201</td><td rowspan="1">652</td></tr><tr class="passedeven"><td rowspan="1">TextNG.RemoveProductItems</td><td><a href="#m14">remove</a></td><td rowspan="1">1676994852685</td><td rowspan="1">836</td></tr><tr class="passedodd"><td rowspan="1">TextNG.VerifyAddToCart</td><td><a href="#m15">addToCart</a></td><td rowspan="1">1676994788741</td><td rowspan="1">320</td></tr><tr class="passedeven"><td rowspan="1">TextNG.VerifyBackToHome</td><td><a href="#m16">VerifyBackToHome</a></td><td rowspan="1">1676994957174</td><td rowspan="1">920</td></tr><tr class="passedodd"><td rowspan="1">TextNG.VerifyBackToProducts</td><td><a href="#m17">VerifyBackToProductButton</a></td><td rowspan="1">1676994835241</td><td rowspan="1">239</td></tr><tr class="passedeven"><td rowspan="1">TextNG.VerifyCheckoutButton</td><td><a href="#m18">verifyCheckoutButton</a></td><td rowspan="1">1676994859481</td><td rowspan="1">302</td></tr><tr class="passedodd"><td rowspan="1">TextNG.VerifyFinish</td><td><a href="#m19">VerifyFinish</a></td><td rowspan="1">1676994991434</td><td rowspan="1">1194</td></tr><tr class="passedeven"><td rowspan="1">TextNG.VerifyShowAllitems</td><td><a href="#m20">VerifyShowAllitems</a></td><td rowspan="1">1676995000834</td><td rowspan="1">526</td></tr><tr class="passedodd"><td rowspan="1">TextNG.VerifyTwiiterLink</td><td><a href="#m21">verifyFBLink</a></td><td rowspan="1">1676994823111</td><td rowspan="1">978</td></tr><tr class="passedeven"><td rowspan="1">TextNG.verifyCancelOrder</td><td><a href="#m22">verifyCancelOrder</a></td><td rowspan="1">1676994964490</td><td rowspan="1">1294</td></tr><tr class="passedodd"><td rowspan="1">TextNG.verifyFBLink</td><td><a href="#m23">verifyFBLink</a></td><td rowspan="1">1676994971765</td><td rowspan="1">6400</td></tr><tr class="passedeven"><td rowspan="1">TextNG.verifyLogo</td><td><a href="#m24">verifyLogo</a></td><td rowspan="1">1676994985437</td><td rowspan="1">125</td></tr></tbody>
</table>
<h2>Test</h2><h3 id="m0">TextNG.DropDownSelectable#dropdown</h3><table class="result"><tr><th>Exception</th></tr><tr><td><div class="stacktrace">org.openqa.selenium.StaleElementReferenceException: stale element reference: element is not attached to the page document
  (Session info: chrome=110.0.5481.77)
For documentation on this error, please visit: https://selenium.dev/exceptions/#stale_element_reference
Build info: version: &apos;4.0.0&apos;, revision: &apos;3a21814679&apos;
System info: host: &apos;DESKTOP-CQ2MLA2&apos;, ip: &apos;192.168.1.10&apos;, os.name: &apos;Windows 10&apos;, os.arch: &apos;amd64&apos;, os.version: &apos;10.0&apos;, java.version: &apos;16.0.1&apos;
Driver info: org.openqa.selenium.chrome.ChromeDriver
Command: [c8a757485c079bc21ecf513a8059cd3f, findChildElements {id=4848dc94-09ce-4504-87d3-abfcb2a12008, using=tag name, value=option}]
Capabilities {acceptInsecureCerts: false, browserName: chrome, browserVersion: 110.0.5481.77, chrome: {chromedriverVersion: 110.0.5481.77 (65ed616c6e8e..., userDataDir: C:\Users\Admin\AppData\Loca...}, goog:chromeOptions: {debuggerAddress: localhost:3255}, javascriptEnabled: true, networkConnectionEnabled: false, pageLoadStrategy: normal, platform: WINDOWS, platformName: WINDOWS, proxy: Proxy(), se:cdp: ws://localhost:3255/devtool..., se:cdpVersion: 110.0.5481.77, setWindowRect: true, strictFileInteractability: false, timeouts: {implicit: 0, pageLoad: 300000, script: 30000}, unhandledPromptBehavior: dismiss and notify, webauthn:extension:credBlob: true, webauthn:extension:largeBlob: true, webauthn:virtualAuthenticators: true}
Session ID: c8a757485c079bc21ecf513a8059cd3f
	at org.openqa.selenium.remote.codec.w3c.W3CHttpResponseCodec.createException(W3CHttpResponseCodec.java:200)
	at org.openqa.selenium.remote.codec.w3c.W3CHttpResponseCodec.decode(W3CHttpResponseCodec.java:133)
	at org.openqa.selenium.remote.codec.w3c.W3CHttpResponseCodec.decode(W3CHttpResponseCodec.java:53)
	at org.openqa.selenium.remote.HttpCommandExecutor.execute(HttpCommandExecutor.java:184)
	at org.openqa.selenium.remote.service.DriverCommandExecutor.invokeExecute(DriverCommandExecutor.java:164)
	at org.openqa.selenium.remote.service.DriverCommandExecutor.execute(DriverCommandExecutor.java:139)
	at org.openqa.selenium.remote.RemoteWebDriver.execute(RemoteWebDriver.java:559)
	at org.openqa.selenium.remote.ElementLocation$ElementFinder$2.findElements(ElementLocation.java:179)
	at org.openqa.selenium.remote.ElementLocation.findElements(ElementLocation.java:102)
	at org.openqa.selenium.remote.RemoteWebDriver.findElements(RemoteWebDriver.java:398)
	at org.openqa.selenium.remote.RemoteWebElement.findElements(RemoteWebElement.java:213)
	at org.openqa.selenium.support.ui.Select.getOptions(Select.java:79)
	at org.openqa.selenium.support.ui.Select.setSelectedByIndex(Select.java:295)
	at org.openqa.selenium.support.ui.Select.selectByIndex(Select.java:176)
	at TextNG.DropDownSelectable.dropdown(DropDownSelectable.java:43)
	at java.base/java.util.ArrayList.forEach(ArrayList.java:1511)
... Removed 32 stack frames</div></td></tr></table><p class="totop"><a href="#summary">back to summary</a></p>
<h3 id="m1">TextNG.SideBarCloseButton#closeSideBar</h3><table class="result"><tr><th>Exception</th></tr><tr><td><div class="stacktrace">java.lang.AssertionError: expected [false] but found [true]
	at TextNG.SideBarCloseButton.closeSideBar(SideBarCloseButton.java:41)
	at java.base/java.util.ArrayList.forEach(ArrayList.java:1511)
... Removed 31 stack frames</div></td></tr></table><p class="totop"><a href="#summary">back to summary</a></p>
<h3 id="m2">TextNG.VeriflyLinkedINlink#verifyFBLink</h3><table class="result"><tr><th>Exception</th></tr><tr><td><div class="stacktrace">java.lang.AssertionError: expected [true] but found [false]
	at TextNG.VeriflyLinkedINlink.verifyFBLink(VeriflyLinkedINlink.java:58)
	at java.base/java.util.ArrayList.forEach(ArrayList.java:1511)
... Removed 31 stack frames</div></td></tr></table><p class="totop"><a href="#summary">back to summary</a></p>
<h3 id="m3">TextNG.VerifyTheExactCount#verifyCount</h3><table class="result"><tr><th>Exception</th></tr><tr><td><div class="stacktrace">org.openqa.selenium.NoSuchElementException: no such element: Unable to locate element: {&quot;method&quot;:&quot;css selector&quot;,&quot;selector&quot;:&quot;.shopping_link&quot;}
  (Session info: chrome=110.0.5481.77)
For documentation on this error, please visit: https://selenium.dev/exceptions/#no_such_element
Build info: version: &apos;4.0.0&apos;, revision: &apos;3a21814679&apos;
System info: host: &apos;DESKTOP-CQ2MLA2&apos;, ip: &apos;192.168.1.10&apos;, os.name: &apos;Windows 10&apos;, os.arch: &apos;amd64&apos;, os.version: &apos;10.0&apos;, java.version: &apos;16.0.1&apos;
Driver info: org.openqa.selenium.chrome.ChromeDriver
Command: [205d5c8c1c262bdd56bded03cbca86d8, findElement {using=css selector, value=.shopping_link}]
Capabilities {acceptInsecureCerts: false, browserName: chrome, browserVersion: 110.0.5481.77, chrome: {chromedriverVersion: 110.0.5481.77 (65ed616c6e8e..., userDataDir: C:\Users\Admin\AppData\Loca...}, goog:chromeOptions: {debuggerAddress: localhost:3546}, javascriptEnabled: true, networkConnectionEnabled: false, pageLoadStrategy: normal, platform: WINDOWS, platformName: WINDOWS, proxy: Proxy(), se:cdp: ws://localhost:3546/devtool..., se:cdpVersion: 110.0.5481.77, setWindowRect: true, strictFileInteractability: false, timeouts: {implicit: 0, pageLoad: 300000, script: 30000}, unhandledPromptBehavior: dismiss and notify, webauthn:extension:credBlob: true, webauthn:extension:largeBlob: true, webauthn:virtualAuthenticators: true}
Session ID: 205d5c8c1c262bdd56bded03cbca86d8
	at org.openqa.selenium.remote.codec.w3c.W3CHttpResponseCodec.createException(W3CHttpResponseCodec.java:200)
	at org.openqa.selenium.remote.codec.w3c.W3CHttpResponseCodec.decode(W3CHttpResponseCodec.java:133)
	at org.openqa.selenium.remote.codec.w3c.W3CHttpResponseCodec.decode(W3CHttpResponseCodec.java:53)
	at org.openqa.selenium.remote.HttpCommandExecutor.execute(HttpCommandExecutor.java:184)
	at org.openqa.selenium.remote.service.DriverCommandExecutor.invokeExecute(DriverCommandExecutor.java:164)
	at org.openqa.selenium.remote.service.DriverCommandExecutor.execute(DriverCommandExecutor.java:139)
	at org.openqa.selenium.remote.RemoteWebDriver.execute(RemoteWebDriver.java:559)
	at org.openqa.selenium.remote.ElementLocation$ElementFinder$2.findElement(ElementLocation.java:162)
	at org.openqa.selenium.remote.ElementLocation.findElement(ElementLocation.java:60)
	at org.openqa.selenium.remote.RemoteWebDriver.findElement(RemoteWebDriver.java:383)
	at org.openqa.selenium.remote.RemoteWebDriver.findElement(RemoteWebDriver.java:375)
	at org.openqa.selenium.By$PreW3CLocator.findElement(By.java:429)
	at org.openqa.selenium.By$ByClassName.findElement(By.java:298)
	at org.openqa.selenium.remote.ElementLocation$ElementFinder$1.findElement(ElementLocation.java:136)
	at org.openqa.selenium.remote.ElementLocation.findElement(ElementLocation.java:60)
	at org.openqa.selenium.remote.RemoteWebDriver.findElement(RemoteWebDriver.java:383)
	at org.openqa.selenium.remote.RemoteWebDriver.findElement(RemoteWebDriver.java:375)
	at TextNG.VerifyTheExactCount.verifyCount(VerifyTheExactCount.java:56)
	at java.base/java.util.ArrayList.forEach(ArrayList.java:1511)
... Removed 32 stack frames</div></td></tr></table><p class="totop"><a href="#summary">back to summary</a></p>
<h3 id="m4">TextNG.About#About</h3><table class="result"><tr><th class="invisible"/></tr></table><p class="totop"><a href="#summary">back to summary</a></p>
<h3 id="m5">TextNG.BrokenLinks#brokenLinks</h3><table class="result"><tr><th class="invisible"/></tr></table><p class="totop"><a href="#summary">back to summary</a></p>
<h3 id="m6">TextNG.ContinueShopping#ContinueShopping</h3><table class="result"><tr><th class="invisible"/></tr></table><p class="totop"><a href="#summary">back to summary</a></p>
<h3 id="m7">TextNG.EachFormDetailsRequired#RequiredFirstName</h3><table class="result"><tr><th class="invisible"/></tr></table><p class="totop"><a href="#summary">back to summary</a></p>
<h3 id="m8">TextNG.EachFormDetailsRequired#RequiredLastName</h3><table class="result"><tr><th class="invisible"/></tr></table><p class="totop"><a href="#summary">back to summary</a></p>
<h3 id="m9">TextNG.EachFormDetailsRequired#RequiredPostal</h3><table class="result"><tr><th class="invisible"/></tr></table><p class="totop"><a href="#summary">back to summary</a></p>
<h3 id="m10">TextNG.ErrorButtonClose#ErrorButtonClose</h3><table class="result"><tr><th class="invisible"/></tr></table><p class="totop"><a href="#summary">back to summary</a></p>
<h3 id="m11">TextNG.ErrorMessageDispalyed#ErrorMessageDisplayed</h3><table class="result"><tr><th class="invisible"/></tr></table><p class="totop"><a href="#summary">back to summary</a></p>
<h3 id="m12">TextNG.Login#Login</h3><table class="result"><tr><th class="invisible"/></tr></table><p class="totop"><a href="#summary">back to summary</a></p>
<h3 id="m13">TextNG.Logout#Logout</h3><table class="result"><tr><th class="invisible"/></tr></table><p class="totop"><a href="#summary">back to summary</a></p>
<h3 id="m14">TextNG.RemoveProductItems#remove</h3><table class="result"><tr><th class="invisible"/></tr></table><p class="totop"><a href="#summary">back to summary</a></p>
<h3 id="m15">TextNG.VerifyAddToCart#addToCart</h3><table class="result"><tr><th class="invisible"/></tr></table><p class="totop"><a href="#summary">back to summary</a></p>
<h3 id="m16">TextNG.VerifyBackToHome#VerifyBackToHome</h3><table class="result"><tr><th class="invisible"/></tr></table><p class="totop"><a href="#summary">back to summary</a></p>
<h3 id="m17">TextNG.VerifyBackToProducts#VerifyBackToProductButton</h3><table class="result"><tr><th class="invisible"/></tr></table><p class="totop"><a href="#summary">back to summary</a></p>
<h3 id="m18">TextNG.VerifyCheckoutButton#verifyCheckoutButton</h3><table class="result"><tr><th class="invisible"/></tr></table><p class="totop"><a href="#summary">back to summary</a></p>
<h3 id="m19">TextNG.VerifyFinish#VerifyFinish</h3><table class="result"><tr><th class="invisible"/></tr></table><p class="totop"><a href="#summary">back to summary</a></p>
<h3 id="m20">TextNG.VerifyShowAllitems#VerifyShowAllitems</h3><table class="result"><tr><th class="invisible"/></tr></table><p class="totop"><a href="#summary">back to summary</a></p>
<h3 id="m21">TextNG.VerifyTwiiterLink#verifyFBLink</h3><table class="result"><tr><th class="invisible"/></tr></table><p class="totop"><a href="#summary">back to summary</a></p>
<h3 id="m22">TextNG.verifyCancelOrder#verifyCancelOrder</h3><table class="result"><tr><th class="invisible"/></tr></table><p class="totop"><a href="#summary">back to summary</a></p>
<h3 id="m23">TextNG.verifyFBLink#verifyFBLink</h3><table class="result"><tr><th class="invisible"/></tr></table><p class="totop"><a href="#summary">back to summary</a></p>
<h3 id="m24">TextNG.verifyLogo#verifyLogo</h3><table class="result"><tr><th class="invisible"/></tr></table><p class="totop"><a href="#summary">back to summary</a></p>
</body>
</html>
