<?xml version="1.0" encoding="UTF-8"?>
<testng-results ignored="0" total="25" passed="21" failed="4" skipped="0">
  <reporter-output>
  </reporter-output>
  <suite started-at="2023-02-21T21:22:43 IST" name="Suite" finished-at="2023-02-21T21:26:41 IST" duration-ms="238314">
    <groups>
    </groups>
    <test started-at="2023-02-21T21:22:43 IST" name="Test" finished-at="2023-02-21T21:26:41 IST" duration-ms="238314">
      <class name="TextNG.ContinueShopping">
        <test-method is-config="true" signature="setup()[pri:0, instance:TextNG.ContinueShopping@399f45b1]" started-at="2023-02-21T21:25:27 IST" name="setup" finished-at="2023-02-21T21:25:34 IST" duration-ms="6886" status="PASS">
          <reporter-output>
          </reporter-output>
        </test-method> <!-- setup -->
        <test-method signature="ContinueShopping()[pri:0, instance:TextNG.ContinueShopping@399f45b1]" started-at="2023-02-21T21:25:34 IST" name="ContinueShopping" finished-at="2023-02-21T21:25:34 IST" duration-ms="210" status="PASS">
          <reporter-output>
          </reporter-output>
        </test-method> <!-- ContinueShopping -->
        <test-method is-config="true" signature="close()[pri:0, instance:TextNG.ContinueShopping@399f45b1]" started-at="2023-02-21T21:25:34 IST" name="close" finished-at="2023-02-21T21:25:34 IST" duration-ms="101" status="PASS">
          <reporter-output>
          </reporter-output>
        </test-method> <!-- close -->
      </class> <!-- TextNG.ContinueShopping -->
      <class name="TextNG.ErrorMessageDispalyed">
        <test-method is-config="true" signature="setup()[pri:0, instance:TextNG.ErrorMessageDispalyed@515aebb0]" started-at="2023-02-21T21:23:21 IST" name="setup" finished-at="2023-02-21T21:23:28 IST" duration-ms="7182" status="PASS">
          <reporter-output>
          </reporter-output>
        </test-method> <!-- setup -->
        <test-method signature="ErrorMessageDisplayed()[pri:0, instance:TextNG.ErrorMessageDispalyed@515aebb0]" started-at="2023-02-21T21:23:28 IST" name="ErrorMessageDisplayed" finished-at="2023-02-21T21:23:28 IST" duration-ms="445" status="PASS">
          <reporter-output>
          </reporter-output>
        </test-method> <!-- ErrorMessageDisplayed -->
        <test-method is-config="true" signature="close()[pri:0, instance:TextNG.ErrorMessageDispalyed@515aebb0]" started-at="2023-02-21T21:23:28 IST" name="close" finished-at="2023-02-21T21:23:29 IST" duration-ms="189" status="PASS">
          <reporter-output>
          </reporter-output>
        </test-method> <!-- close -->
      </class> <!-- TextNG.ErrorMessageDispalyed -->
      <class name="TextNG.VerifyCheckoutButton">
        <test-method is-config="true" signature="setup()[pri:0, instance:TextNG.VerifyCheckoutButton@5158b42f]" started-at="2023-02-21T21:24:13 IST" name="setup" finished-at="2023-02-21T21:24:19 IST" duration-ms="5613" status="PASS">
          <reporter-output>
          </reporter-output>
        </test-method> <!-- setup -->
        <test-method signature="verifyCheckoutButton()[pri:0, instance:TextNG.VerifyCheckoutButton@5158b42f]" started-at="2023-02-21T21:24:19 IST" name="verifyCheckoutButton" finished-at="2023-02-21T21:24:19 IST" duration-ms="302" status="PASS">
          <reporter-output>
          </reporter-output>
        </test-method> <!-- verifyCheckoutButton -->
        <test-method is-config="true" signature="close()[pri:0, instance:TextNG.VerifyCheckoutButton@5158b42f]" started-at="2023-02-21T21:24:19 IST" name="close" finished-at="2023-02-21T21:24:21 IST" duration-ms="1780" status="PASS">
          <reporter-output>
          </reporter-output>
        </test-method> <!-- close -->
      </class> <!-- TextNG.VerifyCheckoutButton -->
      <class name="TextNG.VerifyBackToHome">
        <test-method is-config="true" signature="setup()[pri:0, instance:TextNG.VerifyBackToHome@3a93b025]" started-at="2023-02-21T21:25:53 IST" name="setup" finished-at="2023-02-21T21:25:57 IST" duration-ms="4005" status="PASS">
          <reporter-output>
          </reporter-output>
        </test-method> <!-- setup -->
        <test-method signature="VerifyBackToHome()[pri:0, instance:TextNG.VerifyBackToHome@3a93b025]" started-at="2023-02-21T21:25:57 IST" name="VerifyBackToHome" finished-at="2023-02-21T21:25:58 IST" duration-ms="920" status="PASS">
          <reporter-output>
          </reporter-output>
        </test-method> <!-- VerifyBackToHome -->
        <test-method is-config="true" signature="close()[pri:0, instance:TextNG.VerifyBackToHome@3a93b025]" started-at="2023-02-21T21:25:58 IST" name="close" finished-at="2023-02-21T21:25:58 IST" duration-ms="261" status="PASS">
          <reporter-output>
          </reporter-output>
        </test-method> <!-- close -->
      </class> <!-- TextNG.VerifyBackToHome -->
      <class name="TextNG.VerifyFinish">
        <test-method is-config="true" signature="setup()[pri:0, instance:TextNG.VerifyFinish@36bc55de]" started-at="2023-02-21T21:26:25 IST" name="setup" finished-at="2023-02-21T21:26:31 IST" duration-ms="5727" status="PASS">
          <reporter-output>
          </reporter-output>
        </test-method> <!-- setup -->
        <test-method signature="VerifyFinish()[pri:0, instance:TextNG.VerifyFinish@36bc55de]" started-at="2023-02-21T21:26:31 IST" name="VerifyFinish" finished-at="2023-02-21T21:26:32 IST" duration-ms="1194" status="PASS">
          <reporter-output>
          </reporter-output>
        </test-method> <!-- VerifyFinish -->
        <test-method is-config="true" signature="close()[pri:0, instance:TextNG.VerifyFinish@36bc55de]" started-at="2023-02-21T21:26:32 IST" name="close" finished-at="2023-02-21T21:26:33 IST" duration-ms="520" status="PASS">
          <reporter-output>
          </reporter-output>
        </test-method> <!-- close -->
      </class> <!-- TextNG.VerifyFinish -->
      <class name="TextNG.verifyFBLink">
        <test-method is-config="true" signature="setup()[pri:0, instance:TextNG.verifyFBLink@7e07db1f]" started-at="2023-02-21T21:26:06 IST" name="setup" finished-at="2023-02-21T21:26:11 IST" duration-ms="5671" status="PASS">
          <reporter-output>
          </reporter-output>
        </test-method> <!-- setup -->
        <test-method signature="verifyFBLink()[pri:0, instance:TextNG.verifyFBLink@7e07db1f]" started-at="2023-02-21T21:26:11 IST" name="verifyFBLink" finished-at="2023-02-21T21:26:18 IST" duration-ms="6400" status="PASS">
          <reporter-output>
          </reporter-output>
        </test-method> <!-- verifyFBLink -->
        <test-method is-config="true" signature="close()[pri:0, instance:TextNG.verifyFBLink@7e07db1f]" started-at="2023-02-21T21:26:18 IST" name="close" finished-at="2023-02-21T21:26:18 IST" duration-ms="328" status="PASS">
          <reporter-output>
          </reporter-output>
        </test-method> <!-- close -->
      </class> <!-- TextNG.verifyFBLink -->
      <class name="TextNG.Logout">
        <test-method is-config="true" signature="setup()[pri:0, instance:TextNG.Logout@79e2c065]" started-at="2023-02-21T21:25:47 IST" name="setup" finished-at="2023-02-21T21:25:52 IST" duration-ms="4469" status="PASS">
          <reporter-output>
          </reporter-output>
        </test-method> <!-- setup -->
        <test-method signature="Logout()[pri:0, instance:TextNG.Logout@79e2c065]" started-at="2023-02-21T21:25:52 IST" name="Logout" finished-at="2023-02-21T21:25:52 IST" duration-ms="652" status="PASS">
          <reporter-output>
          </reporter-output>
        </test-method> <!-- Logout -->
        <test-method is-config="true" signature="close()[pri:0, instance:TextNG.Logout@79e2c065]" started-at="2023-02-21T21:25:52 IST" name="close" finished-at="2023-02-21T21:25:53 IST" duration-ms="314" status="PASS">
          <reporter-output>
          </reporter-output>
        </test-method> <!-- close -->
      </class> <!-- TextNG.Logout -->
      <class name="TextNG.VerifyTheExactCount">
        <test-method is-config="true" signature="setup()[pri:0, instance:TextNG.VerifyTheExactCount@595b007d]" started-at="2023-02-21T21:24:21 IST" name="setup" finished-at="2023-02-21T21:24:27 IST" duration-ms="5658" status="PASS">
          <reporter-output>
          </reporter-output>
        </test-method> <!-- setup -->
        <test-method signature="verifyCount()[pri:0, instance:TextNG.VerifyTheExactCount@595b007d]" started-at="2023-02-21T21:24:27 IST" name="verifyCount" finished-at="2023-02-21T21:24:57 IST" duration-ms="30385" status="FAIL">
          <exception class="org.openqa.selenium.NoSuchElementException">
            <message>
              <![CDATA[no such element: Unable to locate element: {"method":"css selector","selector":".shopping_link"}
  (Session info: chrome=110.0.5481.77)
For documentation on this error, please visit: https://selenium.dev/exceptions/#no_such_element
Build info: version: '4.0.0', revision: '3a21814679'
System info: host: 'DESKTOP-CQ2MLA2', ip: '192.168.1.10', os.name: 'Windows 10', os.arch: 'amd64', os.version: '10.0', java.version: '16.0.1'
Driver info: org.openqa.selenium.chrome.ChromeDriver
Command: [205d5c8c1c262bdd56bded03cbca86d8, findElement {using=css selector, value=.shopping_link}]
Capabilities {acceptInsecureCerts: false, browserName: chrome, browserVersion: 110.0.5481.77, chrome: {chromedriverVersion: 110.0.5481.77 (65ed616c6e8e..., userDataDir: C:\Users\Admin\AppData\Loca...}, goog:chromeOptions: {debuggerAddress: localhost:3546}, javascriptEnabled: true, networkConnectionEnabled: false, pageLoadStrategy: normal, platform: WINDOWS, platformName: WINDOWS, proxy: Proxy(), se:cdp: ws://localhost:3546/devtool..., se:cdpVersion: 110.0.5481.77, setWindowRect: true, strictFileInteractability: false, timeouts: {implicit: 0, pageLoad: 300000, script: 30000}, unhandledPromptBehavior: dismiss and notify, webauthn:extension:credBlob: true, webauthn:extension:largeBlob: true, webauthn:virtualAuthenticators: true}
Session ID: 205d5c8c1c262bdd56bded03cbca86d8]]>
            </message>
            <full-stacktrace>
              <![CDATA[org.openqa.selenium.NoSuchElementException: no such element: Unable to locate element: {"method":"css selector","selector":".shopping_link"}
  (Session info: chrome=110.0.5481.77)
For documentation on this error, please visit: https://selenium.dev/exceptions/#no_such_element
Build info: version: '4.0.0', revision: '3a21814679'
System info: host: 'DESKTOP-CQ2MLA2', ip: '192.168.1.10', os.name: 'Windows 10', os.arch: 'amd64', os.version: '10.0', java.version: '16.0.1'
Driver info: org.openqa.selenium.chrome.ChromeDriver
Command: [205d5c8c1c262bdd56bded03cbca86d8, findElement {using=css selector, value=.shopping_link}]
Capabilities {acceptInsecureCerts: false, browserName: chrome, browserVersion: 110.0.5481.77, chrome: {chromedriverVersion: 110.0.5481.77 (65ed616c6e8e..., userDataDir: C:\Users\Admin\AppData\Loca...}, goog:chromeOptions: {debuggerAddress: localhost:3546}, javascriptEnabled: true, networkConnectionEnabled: false, pageLoadStrategy: normal, platform: WINDOWS, platformName: WINDOWS, proxy: Proxy(), se:cdp: ws://localhost:3546/devtool..., se:cdpVersion: 110.0.5481.77, setWindowRect: true, strictFileInteractability: false, timeouts: {implicit: 0, pageLoad: 300000, script: 30000}, unhandledPromptBehavior: dismiss and notify, webauthn:extension:credBlob: true, webauthn:extension:largeBlob: true, webauthn:virtualAuthenticators: true}
Session ID: 205d5c8c1c262bdd56bded03cbca86d8
at java.base/jdk.internal.reflect.NativeConstructorAccessorImpl.newInstance0(Native Method)
at java.base/jdk.internal.reflect.NativeConstructorAccessorImpl.newInstance(NativeConstructorAccessorImpl.java:78)
at java.base/jdk.internal.reflect.DelegatingConstructorAccessorImpl.newInstance(DelegatingConstructorAccessorImpl.java:45)
at java.base/java.lang.reflect.Constructor.newInstanceWithCaller(Constructor.java:499)
at java.base/java.lang.reflect.Constructor.newInstance(Constructor.java:480)
at org.openqa.selenium.remote.codec.w3c.W3CHttpResponseCodec.createException(W3CHttpResponseCodec.java:200)
at org.openqa.selenium.remote.codec.w3c.W3CHttpResponseCodec.decode(W3CHttpResponseCodec.java:133)
at org.openqa.selenium.remote.codec.w3c.W3CHttpResponseCodec.decode(W3CHttpResponseCodec.java:53)
at org.openqa.selenium.remote.HttpCommandExecutor.execute(HttpCommandExecutor.java:184)
at org.openqa.selenium.remote.service.DriverCommandExecutor.invokeExecute(DriverCommandExecutor.java:164)
at org.openqa.selenium.remote.service.DriverCommandExecutor.execute(DriverCommandExecutor.java:139)
at org.openqa.selenium.remote.RemoteWebDriver.execute(RemoteWebDriver.java:559)
at org.openqa.selenium.remote.ElementLocation$ElementFinder$2.findElement(ElementLocation.java:162)
at org.openqa.selenium.remote.ElementLocation.findElement(ElementLocation.java:60)
at org.openqa.selenium.remote.RemoteWebDriver.findElement(RemoteWebDriver.java:383)
at org.openqa.selenium.remote.RemoteWebDriver.findElement(RemoteWebDriver.java:375)
at org.openqa.selenium.By$PreW3CLocator.findElement(By.java:429)
at org.openqa.selenium.By$ByClassName.findElement(By.java:298)
at org.openqa.selenium.remote.ElementLocation$ElementFinder$1.findElement(ElementLocation.java:136)
at org.openqa.selenium.remote.ElementLocation.findElement(ElementLocation.java:60)
at org.openqa.selenium.remote.RemoteWebDriver.findElement(RemoteWebDriver.java:383)
at org.openqa.selenium.remote.RemoteWebDriver.findElement(RemoteWebDriver.java:375)
at TextNG.VerifyTheExactCount.verifyCount(VerifyTheExactCount.java:56)
at java.base/jdk.internal.reflect.NativeMethodAccessorImpl.invoke0(Native Method)
at java.base/jdk.internal.reflect.NativeMethodAccessorImpl.invoke(NativeMethodAccessorImpl.java:78)
at java.base/jdk.internal.reflect.DelegatingMethodAccessorImpl.invoke(DelegatingMethodAccessorImpl.java:43)
at java.base/java.lang.reflect.Method.invoke(Method.java:567)
at org.testng.internal.MethodInvocationHelper.invokeMethod(MethodInvocationHelper.java:133)
at org.testng.internal.TestInvoker.invokeMethod(TestInvoker.java:598)
at org.testng.internal.TestInvoker.invokeTestMethod(TestInvoker.java:173)
at org.testng.internal.MethodRunner.runInSequence(MethodRunner.java:46)
at org.testng.internal.TestInvoker$MethodInvocationAgent.invoke(TestInvoker.java:824)
at org.testng.internal.TestInvoker.invokeTestMethods(TestInvoker.java:146)
at org.testng.internal.TestMethodWorker.invokeTestMethods(TestMethodWorker.java:146)
at org.testng.internal.TestMethodWorker.run(TestMethodWorker.java:128)
at java.base/java.util.ArrayList.forEach(ArrayList.java:1511)
at org.testng.TestRunner.privateRun(TestRunner.java:794)
at org.testng.TestRunner.run(TestRunner.java:596)
at org.testng.SuiteRunner.runTest(SuiteRunner.java:377)
at org.testng.SuiteRunner.runSequentially(SuiteRunner.java:371)
at org.testng.SuiteRunner.privateRun(SuiteRunner.java:332)
at org.testng.SuiteRunner.run(SuiteRunner.java:276)
at org.testng.SuiteRunnerWorker.runSuite(SuiteRunnerWorker.java:53)
at org.testng.SuiteRunnerWorker.run(SuiteRunnerWorker.java:96)
at org.testng.TestNG.runSuitesSequentially(TestNG.java:1212)
at org.testng.TestNG.runSuitesLocally(TestNG.java:1134)
at org.testng.TestNG.runSuites(TestNG.java:1063)
at org.testng.TestNG.run(TestNG.java:1031)
at org.testng.remote.AbstractRemoteTestNG.run(AbstractRemoteTestNG.java:115)
at org.testng.remote.RemoteTestNG.initAndRun(RemoteTestNG.java:251)
at org.testng.remote.RemoteTestNG.main(RemoteTestNG.java:77)
]]>
            </full-stacktrace>
          </exception> <!-- org.openqa.selenium.NoSuchElementException -->
          <reporter-output>
          </reporter-output>
        </test-method> <!-- verifyCount -->
        <test-method is-config="true" signature="close()[pri:0, instance:TextNG.VerifyTheExactCount@595b007d]" started-at="2023-02-21T21:24:57 IST" name="close" finished-at="2023-02-21T21:24:57 IST" duration-ms="344" status="PASS">
          <reporter-output>
          </reporter-output>
        </test-method> <!-- close -->
      </class> <!-- TextNG.VerifyTheExactCount -->
      <class name="TextNG.Login">
        <test-method is-config="true" signature="setup()[pri:0, instance:TextNG.Login@478190fc]" started-at="2023-02-21T21:25:41 IST" name="setup" finished-at="2023-02-21T21:25:47 IST" duration-ms="5381" status="PASS">
          <reporter-output>
          </reporter-output>
        </test-method> <!-- setup -->
        <test-method signature="Login()[pri:0, instance:TextNG.Login@478190fc]" started-at="2023-02-21T21:25:47 IST" name="Login" finished-at="2023-02-21T21:25:47 IST" duration-ms="433" status="PASS">
          <reporter-output>
          </reporter-output>
        </test-method> <!-- Login -->
        <test-method is-config="true" signature="close()[pri:0, instance:TextNG.Login@478190fc]" started-at="2023-02-21T21:25:47 IST" name="close" finished-at="2023-02-21T21:25:47 IST" duration-ms="129" status="PASS">
          <reporter-output>
          </reporter-output>
        </test-method> <!-- close -->
      </class> <!-- TextNG.Login -->
      <class name="TextNG.DropDownSelectable">
        <test-method is-config="true" signature="setup()[pri:0, instance:TextNG.DropDownSelectable@123ef382]" started-at="2023-02-21T21:22:43 IST" name="setup" finished-at="2023-02-21T21:22:56 IST" duration-ms="13102" status="PASS">
          <reporter-output>
          </reporter-output>
        </test-method> <!-- setup -->
        <test-method signature="dropdown()[pri:0, instance:TextNG.DropDownSelectable@123ef382]" started-at="2023-02-21T21:22:56 IST" name="dropdown" finished-at="2023-02-21T21:22:59 IST" duration-ms="3462" status="FAIL">
          <exception class="org.openqa.selenium.StaleElementReferenceException">
            <message>
              <![CDATA[stale element reference: element is not attached to the page document
  (Session info: chrome=110.0.5481.77)
For documentation on this error, please visit: https://selenium.dev/exceptions/#stale_element_reference
Build info: version: '4.0.0', revision: '3a21814679'
System info: host: 'DESKTOP-CQ2MLA2', ip: '192.168.1.10', os.name: 'Windows 10', os.arch: 'amd64', os.version: '10.0', java.version: '16.0.1'
Driver info: org.openqa.selenium.chrome.ChromeDriver
Command: [c8a757485c079bc21ecf513a8059cd3f, findChildElements {id=4848dc94-09ce-4504-87d3-abfcb2a12008, using=tag name, value=option}]
Capabilities {acceptInsecureCerts: false, browserName: chrome, browserVersion: 110.0.5481.77, chrome: {chromedriverVersion: 110.0.5481.77 (65ed616c6e8e..., userDataDir: C:\Users\Admin\AppData\Loca...}, goog:chromeOptions: {debuggerAddress: localhost:3255}, javascriptEnabled: true, networkConnectionEnabled: false, pageLoadStrategy: normal, platform: WINDOWS, platformName: WINDOWS, proxy: Proxy(), se:cdp: ws://localhost:3255/devtool..., se:cdpVersion: 110.0.5481.77, setWindowRect: true, strictFileInteractability: false, timeouts: {implicit: 0, pageLoad: 300000, script: 30000}, unhandledPromptBehavior: dismiss and notify, webauthn:extension:credBlob: true, webauthn:extension:largeBlob: true, webauthn:virtualAuthenticators: true}
Session ID: c8a757485c079bc21ecf513a8059cd3f]]>
            </message>
            <full-stacktrace>
              <![CDATA[org.openqa.selenium.StaleElementReferenceException: stale element reference: element is not attached to the page document
  (Session info: chrome=110.0.5481.77)
For documentation on this error, please visit: https://selenium.dev/exceptions/#stale_element_reference
Build info: version: '4.0.0', revision: '3a21814679'
System info: host: 'DESKTOP-CQ2MLA2', ip: '192.168.1.10', os.name: 'Windows 10', os.arch: 'amd64', os.version: '10.0', java.version: '16.0.1'
Driver info: org.openqa.selenium.chrome.ChromeDriver
Command: [c8a757485c079bc21ecf513a8059cd3f, findChildElements {id=4848dc94-09ce-4504-87d3-abfcb2a12008, using=tag name, value=option}]
Capabilities {acceptInsecureCerts: false, browserName: chrome, browserVersion: 110.0.5481.77, chrome: {chromedriverVersion: 110.0.5481.77 (65ed616c6e8e..., userDataDir: C:\Users\Admin\AppData\Loca...}, goog:chromeOptions: {debuggerAddress: localhost:3255}, javascriptEnabled: true, networkConnectionEnabled: false, pageLoadStrategy: normal, platform: WINDOWS, platformName: WINDOWS, proxy: Proxy(), se:cdp: ws://localhost:3255/devtool..., se:cdpVersion: 110.0.5481.77, setWindowRect: true, strictFileInteractability: false, timeouts: {implicit: 0, pageLoad: 300000, script: 30000}, unhandledPromptBehavior: dismiss and notify, webauthn:extension:credBlob: true, webauthn:extension:largeBlob: true, webauthn:virtualAuthenticators: true}
Session ID: c8a757485c079bc21ecf513a8059cd3f
at java.base/jdk.internal.reflect.NativeConstructorAccessorImpl.newInstance0(Native Method)
at java.base/jdk.internal.reflect.NativeConstructorAccessorImpl.newInstance(NativeConstructorAccessorImpl.java:78)
at java.base/jdk.internal.reflect.DelegatingConstructorAccessorImpl.newInstance(DelegatingConstructorAccessorImpl.java:45)
at java.base/java.lang.reflect.Constructor.newInstanceWithCaller(Constructor.java:499)
at java.base/java.lang.reflect.Constructor.newInstance(Constructor.java:480)
at org.openqa.selenium.remote.codec.w3c.W3CHttpResponseCodec.createException(W3CHttpResponseCodec.java:200)
at org.openqa.selenium.remote.codec.w3c.W3CHttpResponseCodec.decode(W3CHttpResponseCodec.java:133)
at org.openqa.selenium.remote.codec.w3c.W3CHttpResponseCodec.decode(W3CHttpResponseCodec.java:53)
at org.openqa.selenium.remote.HttpCommandExecutor.execute(HttpCommandExecutor.java:184)
at org.openqa.selenium.remote.service.DriverCommandExecutor.invokeExecute(DriverCommandExecutor.java:164)
at org.openqa.selenium.remote.service.DriverCommandExecutor.execute(DriverCommandExecutor.java:139)
at org.openqa.selenium.remote.RemoteWebDriver.execute(RemoteWebDriver.java:559)
at org.openqa.selenium.remote.ElementLocation$ElementFinder$2.findElements(ElementLocation.java:179)
at org.openqa.selenium.remote.ElementLocation.findElements(ElementLocation.java:102)
at org.openqa.selenium.remote.RemoteWebDriver.findElements(RemoteWebDriver.java:398)
at org.openqa.selenium.remote.RemoteWebElement.findElements(RemoteWebElement.java:213)
at org.openqa.selenium.support.ui.Select.getOptions(Select.java:79)
at org.openqa.selenium.support.ui.Select.setSelectedByIndex(Select.java:295)
at org.openqa.selenium.support.ui.Select.selectByIndex(Select.java:176)
at TextNG.DropDownSelectable.dropdown(DropDownSelectable.java:43)
at java.base/jdk.internal.reflect.NativeMethodAccessorImpl.invoke0(Native Method)
at java.base/jdk.internal.reflect.NativeMethodAccessorImpl.invoke(NativeMethodAccessorImpl.java:78)
at java.base/jdk.internal.reflect.DelegatingMethodAccessorImpl.invoke(DelegatingMethodAccessorImpl.java:43)
at java.base/java.lang.reflect.Method.invoke(Method.java:567)
at org.testng.internal.MethodInvocationHelper.invokeMethod(MethodInvocationHelper.java:133)
at org.testng.internal.TestInvoker.invokeMethod(TestInvoker.java:598)
at org.testng.internal.TestInvoker.invokeTestMethod(TestInvoker.java:173)
at org.testng.internal.MethodRunner.runInSequence(MethodRunner.java:46)
at org.testng.internal.TestInvoker$MethodInvocationAgent.invoke(TestInvoker.java:824)
at org.testng.internal.TestInvoker.invokeTestMethods(TestInvoker.java:146)
at org.testng.internal.TestMethodWorker.invokeTestMethods(TestMethodWorker.java:146)
at org.testng.internal.TestMethodWorker.run(TestMethodWorker.java:128)
at java.base/java.util.ArrayList.forEach(ArrayList.java:1511)
at org.testng.TestRunner.privateRun(TestRunner.java:794)
at org.testng.TestRunner.run(TestRunner.java:596)
at org.testng.SuiteRunner.runTest(SuiteRunner.java:377)
at org.testng.SuiteRunner.runSequentially(SuiteRunner.java:371)
at org.testng.SuiteRunner.privateRun(SuiteRunner.java:332)
at org.testng.SuiteRunner.run(SuiteRunner.java:276)
at org.testng.SuiteRunnerWorker.runSuite(SuiteRunnerWorker.java:53)
at org.testng.SuiteRunnerWorker.run(SuiteRunnerWorker.java:96)
at org.testng.TestNG.runSuitesSequentially(TestNG.java:1212)
at org.testng.TestNG.runSuitesLocally(TestNG.java:1134)
at org.testng.TestNG.runSuites(TestNG.java:1063)
at org.testng.TestNG.run(TestNG.java:1031)
at org.testng.remote.AbstractRemoteTestNG.run(AbstractRemoteTestNG.java:115)
at org.testng.remote.RemoteTestNG.initAndRun(RemoteTestNG.java:251)
at org.testng.remote.RemoteTestNG.main(RemoteTestNG.java:77)
]]>
            </full-stacktrace>
          </exception> <!-- org.openqa.selenium.StaleElementReferenceException -->
          <reporter-output>
          </reporter-output>
        </test-method> <!-- dropdown -->
        <test-method is-config="true" signature="close()[pri:0, instance:TextNG.DropDownSelectable@123ef382]" started-at="2023-02-21T21:22:59 IST" name="close" finished-at="2023-02-21T21:23:01 IST" duration-ms="1922" status="PASS">
          <reporter-output>
          </reporter-output>
        </test-method> <!-- close -->
      </class> <!-- TextNG.DropDownSelectable -->
      <class name="TextNG.About">
        <test-method is-config="true" signature="setup()[pri:0, instance:TextNG.About@2d7275fc]" started-at="2023-02-21T21:25:15 IST" name="setup" finished-at="2023-02-21T21:25:19 IST" duration-ms="3573" status="PASS">
          <reporter-output>
          </reporter-output>
        </test-method> <!-- setup -->
        <test-method signature="About()[pri:0, instance:TextNG.About@2d7275fc]" started-at="2023-02-21T21:25:19 IST" name="About" finished-at="2023-02-21T21:25:26 IST" duration-ms="7609" status="PASS">
          <reporter-output>
          </reporter-output>
        </test-method> <!-- About -->
        <test-method is-config="true" signature="close()[pri:0, instance:TextNG.About@2d7275fc]" started-at="2023-02-21T21:25:26 IST" name="close" finished-at="2023-02-21T21:25:27 IST" duration-ms="648" status="PASS">
          <reporter-output>
          </reporter-output>
        </test-method> <!-- close -->
      </class> <!-- TextNG.About -->
      <class name="TextNG.EachFormDetailsRequired">
        <test-method is-config="true" signature="setup()[pri:0, instance:TextNG.EachFormDetailsRequired@72d1ad2e]" started-at="2023-02-21T21:24:57 IST" name="setup" finished-at="2023-02-21T21:25:02 IST" duration-ms="4974" status="PASS">
          <reporter-output>
          </reporter-output>
        </test-method> <!-- setup -->
        <test-method signature="RequiredFirstName()[pri:0, instance:TextNG.EachFormDetailsRequired@72d1ad2e]" started-at="2023-02-21T21:25:02 IST" name="RequiredFirstName" finished-at="2023-02-21T21:25:03 IST" duration-ms="751" status="PASS">
          <reporter-output>
          </reporter-output>
        </test-method> <!-- RequiredFirstName -->
        <test-method is-config="true" signature="close()[pri:0, instance:TextNG.EachFormDetailsRequired@72d1ad2e]" started-at="2023-02-21T21:25:03 IST" name="close" finished-at="2023-02-21T21:25:04 IST" duration-ms="342" status="PASS">
          <reporter-output>
          </reporter-output>
        </test-method> <!-- close -->
        <test-method is-config="true" signature="setup()[pri:0, instance:TextNG.EachFormDetailsRequired@72d1ad2e]" started-at="2023-02-21T21:25:04 IST" name="setup" finished-at="2023-02-21T21:25:10 IST" duration-ms="6094" status="PASS">
          <reporter-output>
          </reporter-output>
        </test-method> <!-- setup -->
        <test-method signature="RequiredLastName()[pri:0, instance:TextNG.EachFormDetailsRequired@72d1ad2e]" started-at="2023-02-21T21:25:10 IST" name="RequiredLastName" finished-at="2023-02-21T21:25:10 IST" duration-ms="751" status="PASS">
          <reporter-output>
          </reporter-output>
        </test-method> <!-- RequiredLastName -->
        <test-method is-config="true" signature="close()[pri:0, instance:TextNG.EachFormDetailsRequired@72d1ad2e]" started-at="2023-02-21T21:25:10 IST" name="close" finished-at="2023-02-21T21:25:11 IST" duration-ms="172" status="PASS">
          <reporter-output>
          </reporter-output>
        </test-method> <!-- close -->
        <test-method is-config="true" signature="setup()[pri:0, instance:TextNG.EachFormDetailsRequired@72d1ad2e]" started-at="2023-02-21T21:25:11 IST" name="setup" finished-at="2023-02-21T21:25:14 IST" duration-ms="3373" status="PASS">
          <reporter-output>
          </reporter-output>
        </test-method> <!-- setup -->
        <test-method signature="RequiredPostal()[pri:0, instance:TextNG.EachFormDetailsRequired@72d1ad2e]" started-at="2023-02-21T21:25:14 IST" name="RequiredPostal" finished-at="2023-02-21T21:25:15 IST" duration-ms="663" status="PASS">
          <reporter-output>
          </reporter-output>
        </test-method> <!-- RequiredPostal -->
        <test-method is-config="true" signature="close()[pri:0, instance:TextNG.EachFormDetailsRequired@72d1ad2e]" started-at="2023-02-21T21:25:15 IST" name="close" finished-at="2023-02-21T21:25:15 IST" duration-ms="343" status="PASS">
          <reporter-output>
          </reporter-output>
        </test-method> <!-- close -->
      </class> <!-- TextNG.EachFormDetailsRequired -->
      <class name="TextNG.ErrorButtonClose">
        <test-method is-config="true" signature="setup()[pri:0, instance:TextNG.ErrorButtonClose@38c6f217]" started-at="2023-02-21T21:25:34 IST" name="setup" finished-at="2023-02-21T21:25:41 IST" duration-ms="6590" status="PASS">
          <reporter-output>
          </reporter-output>
        </test-method> <!-- setup -->
        <test-method signature="ErrorButtonClose()[pri:0, instance:TextNG.ErrorButtonClose@38c6f217]" started-at="2023-02-21T21:25:41 IST" name="ErrorButtonClose" finished-at="2023-02-21T21:25:41 IST" duration-ms="460" status="PASS">
          <reporter-output>
          </reporter-output>
        </test-method> <!-- ErrorButtonClose -->
        <test-method is-config="true" signature="close()[pri:0, instance:TextNG.ErrorButtonClose@38c6f217]" started-at="2023-02-21T21:25:41 IST" name="close" finished-at="2023-02-21T21:25:41 IST" duration-ms="198" status="PASS">
          <reporter-output>
          </reporter-output>
        </test-method> <!-- close -->
      </class> <!-- TextNG.ErrorButtonClose -->
      <class name="TextNG.VerifyAddToCart">
        <test-method is-config="true" signature="setup()[pri:0, instance:TextNG.VerifyAddToCart@52bf72b5]" started-at="2023-02-21T21:23:01 IST" name="setup" finished-at="2023-02-21T21:23:08 IST" duration-ms="6969" status="PASS">
          <reporter-output>
          </reporter-output>
        </test-method> <!-- setup -->
        <test-method signature="addToCart()[pri:0, instance:TextNG.VerifyAddToCart@52bf72b5]" started-at="2023-02-21T21:23:08 IST" name="addToCart" finished-at="2023-02-21T21:23:09 IST" duration-ms="320" status="PASS">
          <reporter-output>
          </reporter-output>
        </test-method> <!-- addToCart -->
        <test-method is-config="true" signature="close()[pri:0, instance:TextNG.VerifyAddToCart@52bf72b5]" started-at="2023-02-21T21:23:09 IST" name="close" finished-at="2023-02-21T21:23:10 IST" duration-ms="1175" status="PASS">
          <reporter-output>
          </reporter-output>
        </test-method> <!-- close -->
      </class> <!-- TextNG.VerifyAddToCart -->
      <class name="TextNG.VerifyBackToProducts">
        <test-method is-config="true" signature="setup()[pri:0, instance:TextNG.VerifyBackToProducts@6c64cb25]" started-at="2023-02-21T21:23:44 IST" name="setup" finished-at="2023-02-21T21:23:55 IST" duration-ms="10818" status="PASS">
          <reporter-output>
          </reporter-output>
        </test-method> <!-- setup -->
        <test-method signature="VerifyBackToProductButton()[pri:0, instance:TextNG.VerifyBackToProducts@6c64cb25]" started-at="2023-02-21T21:23:55 IST" name="VerifyBackToProductButton" finished-at="2023-02-21T21:23:55 IST" duration-ms="239" status="PASS">
          <reporter-output>
          </reporter-output>
        </test-method> <!-- VerifyBackToProductButton -->
        <test-method is-config="true" signature="close()[pri:0, instance:TextNG.VerifyBackToProducts@6c64cb25]" started-at="2023-02-21T21:23:55 IST" name="close" finished-at="2023-02-21T21:23:55 IST" duration-ms="364" status="PASS">
          <reporter-output>
          </reporter-output>
        </test-method> <!-- close -->
      </class> <!-- TextNG.VerifyBackToProducts -->
      <class name="TextNG.VerifyShowAllitems">
        <test-method is-config="true" signature="setup()[pri:0, instance:TextNG.VerifyShowAllitems@564fabc8]" started-at="2023-02-21T21:26:33 IST" name="setup" finished-at="2023-02-21T21:26:40 IST" duration-ms="7600" status="PASS">
          <reporter-output>
          </reporter-output>
        </test-method> <!-- setup -->
        <test-method signature="VerifyShowAllitems()[pri:0, instance:TextNG.VerifyShowAllitems@564fabc8]" started-at="2023-02-21T21:26:40 IST" name="VerifyShowAllitems" finished-at="2023-02-21T21:26:41 IST" duration-ms="526" status="PASS">
          <reporter-output>
          </reporter-output>
        </test-method> <!-- VerifyShowAllitems -->
        <test-method is-config="true" signature="close()[pri:0, instance:TextNG.VerifyShowAllitems@564fabc8]" started-at="2023-02-21T21:26:41 IST" name="close" finished-at="2023-02-21T21:26:41 IST" duration-ms="188" status="PASS">
          <reporter-output>
          </reporter-output>
        </test-method> <!-- close -->
      </class> <!-- TextNG.VerifyShowAllitems -->
      <class name="TextNG.VeriflyLinkedINlink">
        <test-method is-config="true" signature="setup()[pri:0, instance:TextNG.VeriflyLinkedINlink@37afeb11]" started-at="2023-02-21T21:23:10 IST" name="setup" finished-at="2023-02-21T21:23:18 IST" duration-ms="8643" status="PASS">
          <reporter-output>
          </reporter-output>
        </test-method> <!-- setup -->
        <test-method signature="verifyFBLink()[pri:0, instance:TextNG.VeriflyLinkedINlink@37afeb11]" started-at="2023-02-21T21:23:18 IST" name="verifyFBLink" finished-at="2023-02-21T21:23:20 IST" duration-ms="1673" status="FAIL">
          <exception class="java.lang.AssertionError">
            <message>
              <![CDATA[expected [true] but found [false]]]>
            </message>
            <full-stacktrace>
              <![CDATA[java.lang.AssertionError: expected [true] but found [false]
at org.testng.Assert.fail(Assert.java:99)
at org.testng.Assert.failNotEquals(Assert.java:1037)
at org.testng.Assert.assertTrue(Assert.java:45)
at org.testng.Assert.assertTrue(Assert.java:55)
at TextNG.VeriflyLinkedINlink.verifyFBLink(VeriflyLinkedINlink.java:58)
at java.base/jdk.internal.reflect.NativeMethodAccessorImpl.invoke0(Native Method)
at java.base/jdk.internal.reflect.NativeMethodAccessorImpl.invoke(NativeMethodAccessorImpl.java:78)
at java.base/jdk.internal.reflect.DelegatingMethodAccessorImpl.invoke(DelegatingMethodAccessorImpl.java:43)
at java.base/java.lang.reflect.Method.invoke(Method.java:567)
at org.testng.internal.MethodInvocationHelper.invokeMethod(MethodInvocationHelper.java:133)
at org.testng.internal.TestInvoker.invokeMethod(TestInvoker.java:598)
at org.testng.internal.TestInvoker.invokeTestMethod(TestInvoker.java:173)
at org.testng.internal.MethodRunner.runInSequence(MethodRunner.java:46)
at org.testng.internal.TestInvoker$MethodInvocationAgent.invoke(TestInvoker.java:824)
at org.testng.internal.TestInvoker.invokeTestMethods(TestInvoker.java:146)
at org.testng.internal.TestMethodWorker.invokeTestMethods(TestMethodWorker.java:146)
at org.testng.internal.TestMethodWorker.run(TestMethodWorker.java:128)
at java.base/java.util.ArrayList.forEach(ArrayList.java:1511)
at org.testng.TestRunner.privateRun(TestRunner.java:794)
at org.testng.TestRunner.run(TestRunner.java:596)
at org.testng.SuiteRunner.runTest(SuiteRunner.java:377)
at org.testng.SuiteRunner.runSequentially(SuiteRunner.java:371)
at org.testng.SuiteRunner.privateRun(SuiteRunner.java:332)
at org.testng.SuiteRunner.run(SuiteRunner.java:276)
at org.testng.SuiteRunnerWorker.runSuite(SuiteRunnerWorker.java:53)
at org.testng.SuiteRunnerWorker.run(SuiteRunnerWorker.java:96)
at org.testng.TestNG.runSuitesSequentially(TestNG.java:1212)
at org.testng.TestNG.runSuitesLocally(TestNG.java:1134)
at org.testng.TestNG.runSuites(TestNG.java:1063)
at org.testng.TestNG.run(TestNG.java:1031)
at org.testng.remote.AbstractRemoteTestNG.run(AbstractRemoteTestNG.java:115)
at org.testng.remote.RemoteTestNG.initAndRun(RemoteTestNG.java:251)
at org.testng.remote.RemoteTestNG.main(RemoteTestNG.java:77)
]]>
            </full-stacktrace>
          </exception> <!-- java.lang.AssertionError -->
          <reporter-output>
          </reporter-output>
        </test-method> <!-- verifyFBLink -->
        <test-method is-config="true" signature="close()[pri:0, instance:TextNG.VeriflyLinkedINlink@37afeb11]" started-at="2023-02-21T21:23:20 IST" name="close" finished-at="2023-02-21T21:23:21 IST" duration-ms="644" status="PASS">
          <reporter-output>
          </reporter-output>
        </test-method> <!-- close -->
      </class> <!-- TextNG.VeriflyLinkedINlink -->
      <class name="TextNG.VerifyTwiiterLink">
        <test-method is-config="true" signature="setup()[pri:0, instance:TextNG.VerifyTwiiterLink@245b4bdc]" started-at="2023-02-21T21:23:37 IST" name="setup" finished-at="2023-02-21T21:23:43 IST" duration-ms="5834" status="PASS">
          <reporter-output>
          </reporter-output>
        </test-method> <!-- setup -->
        <test-method signature="verifyFBLink()[pri:0, instance:TextNG.VerifyTwiiterLink@245b4bdc]" started-at="2023-02-21T21:23:43 IST" name="verifyFBLink" finished-at="2023-02-21T21:23:44 IST" duration-ms="978" status="PASS">
          <reporter-output>
          </reporter-output>
        </test-method> <!-- verifyFBLink -->
        <test-method is-config="true" signature="close()[pri:0, instance:TextNG.VerifyTwiiterLink@245b4bdc]" started-at="2023-02-21T21:23:44 IST" name="close" finished-at="2023-02-21T21:23:44 IST" duration-ms="330" status="PASS">
          <reporter-output>
          </reporter-output>
        </test-method> <!-- close -->
      </class> <!-- TextNG.VerifyTwiiterLink -->
      <class name="TextNG.SideBarCloseButton">
        <test-method is-config="true" signature="setup()[pri:0, instance:TextNG.SideBarCloseButton@dd8ba08]" started-at="2023-02-21T21:23:29 IST" name="setup" finished-at="2023-02-21T21:23:36 IST" duration-ms="7053" status="PASS">
          <reporter-output>
          </reporter-output>
        </test-method> <!-- setup -->
        <test-method signature="closeSideBar()[pri:0, instance:TextNG.SideBarCloseButton@dd8ba08]" started-at="2023-02-21T21:23:36 IST" name="closeSideBar" finished-at="2023-02-21T21:23:36 IST" duration-ms="458" status="FAIL">
          <exception class="java.lang.AssertionError">
            <message>
              <![CDATA[expected [false] but found [true]]]>
            </message>
            <full-stacktrace>
              <![CDATA[java.lang.AssertionError: expected [false] but found [true]
at org.testng.Assert.fail(Assert.java:99)
at org.testng.Assert.failNotEquals(Assert.java:1037)
at org.testng.Assert.assertFalse(Assert.java:67)
at org.testng.Assert.assertFalse(Assert.java:77)
at TextNG.SideBarCloseButton.closeSideBar(SideBarCloseButton.java:41)
at java.base/jdk.internal.reflect.NativeMethodAccessorImpl.invoke0(Native Method)
at java.base/jdk.internal.reflect.NativeMethodAccessorImpl.invoke(NativeMethodAccessorImpl.java:78)
at java.base/jdk.internal.reflect.DelegatingMethodAccessorImpl.invoke(DelegatingMethodAccessorImpl.java:43)
at java.base/java.lang.reflect.Method.invoke(Method.java:567)
at org.testng.internal.MethodInvocationHelper.invokeMethod(MethodInvocationHelper.java:133)
at org.testng.internal.TestInvoker.invokeMethod(TestInvoker.java:598)
at org.testng.internal.TestInvoker.invokeTestMethod(TestInvoker.java:173)
at org.testng.internal.MethodRunner.runInSequence(MethodRunner.java:46)
at org.testng.internal.TestInvoker$MethodInvocationAgent.invoke(TestInvoker.java:824)
at org.testng.internal.TestInvoker.invokeTestMethods(TestInvoker.java:146)
at org.testng.internal.TestMethodWorker.invokeTestMethods(TestMethodWorker.java:146)
at org.testng.internal.TestMethodWorker.run(TestMethodWorker.java:128)
at java.base/java.util.ArrayList.forEach(ArrayList.java:1511)
at org.testng.TestRunner.privateRun(TestRunner.java:794)
at org.testng.TestRunner.run(TestRunner.java:596)
at org.testng.SuiteRunner.runTest(SuiteRunner.java:377)
at org.testng.SuiteRunner.runSequentially(SuiteRunner.java:371)
at org.testng.SuiteRunner.privateRun(SuiteRunner.java:332)
at org.testng.SuiteRunner.run(SuiteRunner.java:276)
at org.testng.SuiteRunnerWorker.runSuite(SuiteRunnerWorker.java:53)
at org.testng.SuiteRunnerWorker.run(SuiteRunnerWorker.java:96)
at org.testng.TestNG.runSuitesSequentially(TestNG.java:1212)
at org.testng.TestNG.runSuitesLocally(TestNG.java:1134)
at org.testng.TestNG.runSuites(TestNG.java:1063)
at org.testng.TestNG.run(TestNG.java:1031)
at org.testng.remote.AbstractRemoteTestNG.run(AbstractRemoteTestNG.java:115)
at org.testng.remote.RemoteTestNG.initAndRun(RemoteTestNG.java:251)
at org.testng.remote.RemoteTestNG.main(RemoteTestNG.java:77)
]]>
            </full-stacktrace>
          </exception> <!-- java.lang.AssertionError -->
          <reporter-output>
          </reporter-output>
        </test-method> <!-- closeSideBar -->
        <test-method is-config="true" signature="close()[pri:0, instance:TextNG.SideBarCloseButton@dd8ba08]" started-at="2023-02-21T21:23:36 IST" name="close" finished-at="2023-02-21T21:23:37 IST" duration-ms="742" status="PASS">
          <reporter-output>
          </reporter-output>
        </test-method> <!-- close -->
      </class> <!-- TextNG.SideBarCloseButton -->
      <class name="TextNG.verifyCancelOrder">
        <test-method is-config="true" signature="setup()[pri:0, instance:TextNG.verifyCancelOrder@35cabb2a]" started-at="2023-02-21T21:25:58 IST" name="setup" finished-at="2023-02-21T21:26:04 IST" duration-ms="6133" status="PASS">
          <reporter-output>
          </reporter-output>
        </test-method> <!-- setup -->
        <test-method signature="verifyCancelOrder()[pri:0, instance:TextNG.verifyCancelOrder@35cabb2a]" started-at="2023-02-21T21:26:04 IST" name="verifyCancelOrder" finished-at="2023-02-21T21:26:05 IST" duration-ms="1294" status="PASS">
          <reporter-output>
          </reporter-output>
        </test-method> <!-- verifyCancelOrder -->
        <test-method is-config="true" signature="close()[pri:0, instance:TextNG.verifyCancelOrder@35cabb2a]" started-at="2023-02-21T21:26:05 IST" name="close" finished-at="2023-02-21T21:26:06 IST" duration-ms="271" status="PASS">
          <reporter-output>
          </reporter-output>
        </test-method> <!-- close -->
      </class> <!-- TextNG.verifyCancelOrder -->
      <class name="TextNG.BrokenLinks">
        <test-method is-config="true" signature="setup()[pri:0, instance:TextNG.BrokenLinks@5c5eefef]" started-at="2023-02-21T21:23:55 IST" name="setup" finished-at="2023-02-21T21:24:03 IST" duration-ms="8141" status="PASS">
          <reporter-output>
          </reporter-output>
        </test-method> <!-- setup -->
        <test-method signature="brokenLinks()[pri:0, instance:TextNG.BrokenLinks@5c5eefef]" started-at="2023-02-21T21:24:03 IST" name="brokenLinks" finished-at="2023-02-21T21:24:05 IST" duration-ms="1807" status="PASS">
          <reporter-output>
          </reporter-output>
        </test-method> <!-- brokenLinks -->
        <test-method is-config="true" signature="close()[pri:0, instance:TextNG.BrokenLinks@5c5eefef]" started-at="2023-02-21T21:24:05 IST" name="close" finished-at="2023-02-21T21:24:05 IST" duration-ms="130" status="PASS">
          <reporter-output>
          </reporter-output>
        </test-method> <!-- close -->
      </class> <!-- TextNG.BrokenLinks -->
      <class name="TextNG.verifyLogo">
        <test-method is-config="true" signature="setup()[pri:0, instance:TextNG.verifyLogo@1189dd52]" started-at="2023-02-21T21:26:18 IST" name="setup" finished-at="2023-02-21T21:26:25 IST" duration-ms="6943" status="PASS">
          <reporter-output>
          </reporter-output>
        </test-method> <!-- setup -->
        <test-method signature="verifyLogo()[pri:0, instance:TextNG.verifyLogo@1189dd52]" started-at="2023-02-21T21:26:25 IST" name="verifyLogo" finished-at="2023-02-21T21:26:25 IST" duration-ms="125" status="PASS">
          <reporter-output>
          </reporter-output>
        </test-method> <!-- verifyLogo -->
        <test-method is-config="true" signature="close()[pri:0, instance:TextNG.verifyLogo@1189dd52]" started-at="2023-02-21T21:26:25 IST" name="close" finished-at="2023-02-21T21:26:25 IST" duration-ms="143" status="PASS">
          <reporter-output>
          </reporter-output>
        </test-method> <!-- close -->
      </class> <!-- TextNG.verifyLogo -->
      <class name="TextNG.RemoveProductItems">
        <test-method is-config="true" signature="setup()[pri:0, instance:TextNG.RemoveProductItems@16293aa2]" started-at="2023-02-21T21:24:05 IST" name="setup" finished-at="2023-02-21T21:24:12 IST" duration-ms="6756" status="PASS">
          <reporter-output>
          </reporter-output>
        </test-method> <!-- setup -->
        <test-method signature="remove()[pri:0, instance:TextNG.RemoveProductItems@16293aa2]" started-at="2023-02-21T21:24:12 IST" name="remove" finished-at="2023-02-21T21:24:13 IST" duration-ms="836" status="PASS">
          <reporter-output>
          </reporter-output>
        </test-method> <!-- remove -->
        <test-method is-config="true" signature="close()[pri:0, instance:TextNG.RemoveProductItems@16293aa2]" started-at="2023-02-21T21:24:13 IST" name="close" finished-at="2023-02-21T21:24:13 IST" duration-ms="340" status="PASS">
          <reporter-output>
          </reporter-output>
        </test-method> <!-- close -->
      </class> <!-- TextNG.RemoveProductItems -->
    </test> <!-- Test -->
  </suite> <!-- Suite -->
</testng-results>
